<?xml version="1.0" encoding="UTF-8"?>
<!-- Generated by org.testng.reporters.JUnitReportReporter -->
<testsuite skipped="0" hostname="Ankush" name="Day23.ThirdTest" tests="2" failures="0" timestamp="08 Nov 2023 02:11:40 GMT" time="0.060" errors="0">
  <testcase name="app" time="0.054" classname="Day23.ThirdTest"/>
  <testcase name="paymebt" time="0.006" classname="Day23.ThirdTest"/>
</testsuite> <!-- Day23.ThirdTest -->
