<?xml version="1.0" encoding="UTF-8"?>
<!-- Generated by org.testng.reporters.JUnitReportReporter -->
<testsuite skipped="0" hostname="Ankush" name="Day23.NewTest8" tests="3" failures="0" timestamp="27 Oct 2023 02:37:34 GMT" time="0.131" errors="0">
  <testcase name="test1" time="0.095" classname="Day23.NewTest8"/>
  <testcase name="test2" time="0.026" classname="Day23.NewTest8"/>
  <testcase name="test3" time="0.010" classname="Day23.NewTest8"/>
</testsuite> <!-- Day23.NewTest8 -->
