<?xml version="1.0" encoding="UTF-8"?>
<!-- Generated by org.testng.reporters.JUnitReportReporter -->
<testsuite skipped="0" hostname="Ankush" name="day24.Grouping" tests="2" failures="0" timestamp="24 Oct 2023 02:42:19 GMT" time="0.047" errors="0">
  <testcase name="signonFacebook" time="0.043" classname="day24.Grouping"/>
  <testcase name="signuptwitter" time="0.004" classname="day24.Grouping"/>
</testsuite> <!-- day24.Grouping -->
