<?xml version="1.0" encoding="UTF-8"?>
<!-- Generated by org.testng.reporters.JUnitReportReporter -->
<testsuite skipped="0" hostname="Ankush" name="Day23.MyTest" tests="2" failures="0" timestamp="07 Nov 2023 02:41:23 GMT" time="81.064" errors="0">
  <testcase name="MobileLoginHomeLoan" time="39.539" classname="Day23.MyTest"/>
  <testcase name="MobileLogincarLoan" time="41.525" classname="Day23.MyTest"/>
</testsuite> <!-- Day23.MyTest -->
